<?xml version="1.0" encoding="UTF-8"?>
<!-- Generated by org.testng.reporters.JUnitReportReporter -->
<testsuite hostname="BHUVANA2002" failures="0" tests="2" name="seTestng.NewTest" time="0.014" errors="0" timestamp="2024-02-13T13:03:22 IST" skipped="0">
  <testcase classname="seTestng.NewTest" name="f" time="0.013"/>
  <system-out/>
  <testcase classname="seTestng.NewTest" name="test1" time="0.001"/>
  <system-out/>
</testsuite> <!-- seTestng.NewTest -->
