<?xml version="1.0" encoding="UTF-8"?>
<!-- Generated by org.testng.reporters.JUnitReportReporter -->
<testsuite hostname="BHUVANA2002" failures="0" tests="1" name="seTestng.Handlig_frames" time="30.290" errors="0" timestamp="2024-02-24T11:27:47 IST" skipped="0">
  <testcase classname="seTestng.Handlig_frames" name="verifyframes" time="30.290"/>
  <system-out/>
</testsuite> <!-- seTestng.Handlig_frames -->
