<?xml version="1.0" encoding="UTF-8"?>
<!-- Generated by org.testng.reporters.JUnitReportReporter -->
<testsuite hostname="BHUVANA2002" failures="0" tests="3" name="seTestng.Findelements" time="5.887" errors="0" timestamp="2024-04-30T23:21:23 IST" skipped="0">
  <testcase classname="seTestng.Findelements" name="verifyTotalLinks" time="0.120"/>
  <system-out/>
  <testcase classname="seTestng.Findelements" name="verityFooterLinks" time="0.143"/>
  <system-out/>
  <testcase classname="seTestng.Findelements" name="verifyFooterSectionColumnLinks" time="5.624"/>
  <system-out/>
</testsuite> <!-- seTestng.Findelements -->
