<?xml version="1.0" encoding="UTF-8"?>
<!-- Generated by org.testng.reporters.JUnitReportReporter -->
<testsuite hostname="BHUVANA2002" failures="0" tests="2" name="seTestng.Mousehandlinds" time="2.863" errors="0" timestamp="2024-04-24T11:15:20 IST" skipped="0">
  <testcase classname="seTestng.Mousehandlinds" name="verifydragabble" time="1.791"/>
  <system-out/>
  <testcase classname="seTestng.Mousehandlinds" name="verifydroppable" time="1.072"/>
  <system-out/>
</testsuite> <!-- seTestng.Mousehandlinds -->
